<?xml version="1.0" encoding="UTF-8"?>
<!-- Generated by org.testng.reporters.JUnitReportReporter -->
<testsuite hostname="DESKTOP-MA1PQRQ" failures="0" tests="5" name="testCases.GTbankFXRate" time="63.842" errors="1" timestamp="14 Jun 2022 12:08:40 GMT" skipped="0">
  <testcase classname="testCases.GTbankFXRate" name="cleanup" time="11.572">
    <error message="javax.mail.AuthenticationFailedException: 535-5.7.8 Username and Password not accepted. Learn more at
535 5.7.8  https://support.google.com/mail/?p=BadCredentials b14-20020a05600c4e0e00b0039747cf8354sm12970407wmq.39 - gsmtp
" type="java.lang.RuntimeException">
      <![CDATA[java.lang.RuntimeException: javax.mail.AuthenticationFailedException: 535-5.7.8 Username and Password not accepted. Learn more at
535 5.7.8  https://support.google.com/mail/?p=BadCredentials b14-20020a05600c4e0e00b0039747cf8354sm12970407wmq.39 - gsmtp

at util.SendMail.ComposeGmail(SendMail.java:81)
at util.TestBase.cleanup(TestBase.java:272)
at java.base/jdk.internal.reflect.NativeMethodAccessorImpl.invoke0(Native Method)
at java.base/jdk.internal.reflect.NativeMethodAccessorImpl.invoke(NativeMethodAccessorImpl.java:64)
at java.base/jdk.internal.reflect.DelegatingMethodAccessorImpl.invoke(DelegatingMethodAccessorImpl.java:43)
at java.base/java.lang.reflect.Method.invoke(Method.java:564)
at org.testng.internal.MethodInvocationHelper.invokeMethod(MethodInvocationHelper.java:124)
at org.testng.internal.MethodInvocationHelper.invokeMethodConsideringTimeout(MethodInvocationHelper.java:59)
at org.testng.internal.Invoker.invokeConfigurationMethod(Invoker.java:455)
at org.testng.internal.Invoker.invokeConfigurations(Invoker.java:222)
at org.testng.internal.Invoker.invokeConfigurations(Invoker.java:142)
at org.testng.SuiteRunner.privateRun(SuiteRunner.java:425)
at org.testng.SuiteRunner.run(SuiteRunner.java:364)
at org.testng.SuiteRunnerWorker.runSuite(SuiteRunnerWorker.java:52)
at org.testng.SuiteRunnerWorker.run(SuiteRunnerWorker.java:84)
at org.testng.TestNG.runSuitesSequentially(TestNG.java:1208)
at org.testng.TestNG.runSuitesLocally(TestNG.java:1137)
at org.testng.TestNG.runSuites(TestNG.java:1049)
at org.testng.TestNG.run(TestNG.java:1017)
at org.testng.remote.AbstractRemoteTestNG.run(AbstractRemoteTestNG.java:115)
at org.testng.remote.RemoteTestNG.initAndRun(RemoteTestNG.java:251)
at org.testng.remote.RemoteTestNG.main(RemoteTestNG.java:77)
Caused by: javax.mail.AuthenticationFailedException: 535-5.7.8 Username and Password not accepted. Learn more at
535 5.7.8  https://support.google.com/mail/?p=BadCredentials b14-20020a05600c4e0e00b0039747cf8354sm12970407wmq.39 - gsmtp

at com.sun.mail.smtp.SMTPTransport$Authenticator.authenticate(SMTPTransport.java:965)
at com.sun.mail.smtp.SMTPTransport.authenticate(SMTPTransport.java:876)
at com.sun.mail.smtp.SMTPTransport.protocolConnect(SMTPTransport.java:780)
at javax.mail.Service.connect(Service.java:366)
at javax.mail.Service.connect(Service.java:246)
at javax.mail.Service.connect(Service.java:267)
at javax.mail.Transport.send0(Transport.java:252)
at javax.mail.Transport.send(Transport.java:174)
at util.SendMail.ComposeGmail(SendMail.java:78)
... 21 more
]]>
    </error>
  </testcase> <!-- cleanup -->
  <testcase classname="testCases.GTbankFXRate" name="FXRatesVisibility" time="0.647"/>
  <testcase classname="testCases.GTbankFXRate" name="navigateToGTBankFxRate" time="6.220"/>
  <testcase classname="testCases.GTbankFXRate" name="ClickOnProceedToInternetBankingButtonTest" time="24.302"/>
  <testcase classname="testCases.GTbankFXRate" name="Login" time="21.101"/>
</testsuite> <!-- testCases.GTbankFXRate -->
