<?xml version="1.0" encoding="UTF-8"?>
<!-- Generated by org.testng.reporters.JUnitReportReporter -->
<testsuite hostname="DESKTOP-MA1PQRQ" failures="0" tests="6" name="testCases.FXTransferToGTBank" time="157.675" errors="0" timestamp="07 Jun 2022 09:56:04 GMT" skipped="0">
  <testcase classname="testCases.FXTransferToGTBank" name="newBeneficiaryTest" time="45.505"/>
  <testcase classname="testCases.FXTransferToGTBank" name="savedBeneficiaryTest" time="34.601"/>
  <testcase classname="testCases.FXTransferToGTBank" name="ClickOnProceedToInternetBankingButtonTest" time="25.209"/>
  <testcase classname="testCases.FXTransferToGTBank" name="navigateToFXTransferToGTBankTest" time="8.935"/>
  <testcase classname="testCases.FXTransferToGTBank" name="transferValidationTest" time="1.910"/>
  <testcase classname="testCases.FXTransferToGTBank" name="Login" time="41.515"/>
</testsuite> <!-- testCases.FXTransferToGTBank -->
